<?xml version="1.0" encoding="UTF-8"?>
<!-- Generated by org.testng.reporters.JUnitReportReporter -->
<testsuite skipped="0" hostname="Govrdan-PC" name="com.gogu.webauto.pom.testcases.ProfileTest" tests="1" failures="0" timestamp="03 Sep 2017 09:41:40 GMT" time="15.233" errors="0">
  <testcase name="testProfile" time="15.233" classname="com.gogu.webauto.pom.testcases.ProfileTest"/>
</testsuite> <!-- com.gogu.webauto.pom.testcases.ProfileTest -->
